<?xml version="1.0" encoding="UTF-8"?>
<!-- Generated by org.testng.reporters.JUnitXMLReporter -->
<testsuite ignored="0" hostname="DESKTOP-MD4BTEP" failures="0" tests="3" name="Default test" time="12.202" errors="0" timestamp="2024-02-08T09:55:56 IST">
  <testcase classname="RetryLogs.Scenario_1" name="case1" time="3.324">
    <skipped/>
  </testcase> <!-- case1 -->
  <testcase classname="RetryLogs.Scenario_1" name="case1" time="3.544"/>
  <testcase classname="RetryLogs.Scenario_1" name="case1" time="5.26"/>
</testsuite> <!-- Default test -->
