<?xml version="1.0" encoding="UTF-8"?>
<testng-results ignored="0" total="1" passed="1" failed="0" skipped="0">
  <reporter-output>
  </reporter-output>
  <suite started-at="2024-02-10T16:03:31 IST" name="Default suite" finished-at="2024-02-10T16:03:31 IST" duration-ms="85">
    <groups>
    </groups>
    <test started-at="2024-02-10T16:03:31 IST" name="Default test" finished-at="2024-02-10T16:03:31 IST" duration-ms="85">
      <class name="practice.FindDuplicateChar">
        <test-method signature="case1()[pri:0, instance:practice.FindDuplicateChar@3d51f06e]" started-at="2024-02-10T16:03:31 IST" name="case1" finished-at="2024-02-10T16:03:31 IST" duration-ms="15" status="PASS">
          <reporter-output>
          </reporter-output>
        </test-method> <!-- case1 -->
      </class> <!-- practice.FindDuplicateChar -->
    </test> <!-- Default test -->
  </suite> <!-- Default suite -->
</testng-results>
